Release 14.7 - xst P.20131013 (nt64)
Copyright (c) 1995-2013 Xilinx, Inc.  All rights reserved.
--> Parameter TMPDIR set to xst/projnav.tmp


Total REAL time to Xst completion: 0.00 secs
Total CPU time to Xst completion: 0.23 secs
 
--> Parameter xsthdpdir set to xst


Total REAL time to Xst completion: 0.00 secs
Total CPU time to Xst completion: 0.25 secs
 
--> Reading design: ALU.prj

TABLE OF CONTENTS
  1) Synthesis Options Summary
  2) HDL Parsing
  3) HDL Elaboration
  4) HDL Synthesis
       4.1) HDL Synthesis Report
  5) Advanced HDL Synthesis
       5.1) Advanced HDL Synthesis Report
  6) Low Level Synthesis
  7) Partition Report
  8) Design Summary
       8.1) Primitive and Black Box Usage
       8.2) Device utilization summary
       8.3) Partition Resource Summary
       8.4) Timing Report
            8.4.1) Clock Information
            8.4.2) Asynchronous Control Signals Information
            8.4.3) Timing Summary
            8.4.4) Timing Details
            8.4.5) Cross Clock Domains Report


=========================================================================
*                      Synthesis Options Summary                        *
=========================================================================
---- Source Parameters
Input File Name                    : "ALU.prj"
Ignore Synthesis Constraint File   : NO

---- Target Parameters
Output File Name                   : "ALU"
Output Format                      : NGC
Target Device                      : xc6slx16-3-csg324

---- Source Options
Top Module Name                    : ALU
Automatic FSM Extraction           : YES
FSM Encoding Algorithm             : Auto
Safe Implementation                : No
FSM Style                          : LUT
RAM Extraction                     : Yes
RAM Style                          : Auto
ROM Extraction                     : Yes
Shift Register Extraction          : YES
ROM Style                          : Auto
Resource Sharing                   : YES
Asynchronous To Synchronous        : NO
Shift Register Minimum Size        : 2
Use DSP Block                      : Auto
Automatic Register Balancing       : No

---- Target Options
LUT Combining                      : Auto
Reduce Control Sets                : Auto
Add IO Buffers                     : YES
Global Maximum Fanout              : 100000
Add Generic Clock Buffer(BUFG)     : 16
Register Duplication               : YES
Optimize Instantiated Primitives   : NO
Use Clock Enable                   : Auto
Use Synchronous Set                : Auto
Use Synchronous Reset              : Auto
Pack IO Registers into IOBs        : Auto
Equivalent register Removal        : YES

---- General Options
Optimization Goal                  : Speed
Optimization Effort                : 1
Power Reduction                    : NO
Keep Hierarchy                     : No
Netlist Hierarchy                  : As_Optimized
RTL Output                         : Yes
Global Optimization                : AllClockNets
Read Cores                         : YES
Write Timing Constraints           : NO
Cross Clock Analysis               : NO
Hierarchy Separator                : /
Bus Delimiter                      : <>
Case Specifier                     : Maintain
Slice Utilization Ratio            : 100
BRAM Utilization Ratio             : 100
DSP48 Utilization Ratio            : 100
Auto BRAM Packing                  : NO
Slice Utilization Ratio Delta      : 5

=========================================================================


=========================================================================
*                          HDL Parsing                                  *
=========================================================================
Analyzing Verilog file "C:\Users\Juanma\arquitectura\tp1\Combinacional.v" into library work
Parsing module <Combinacional>.
Analyzing Verilog file "C:\Users\Juanma\arquitectura\tp1\ALU.v" into library work
Parsing module <ALU>.

=========================================================================
*                            HDL Elaboration                            *
=========================================================================

Elaborating module <ALU>.

Elaborating module <Combinacional(REG_SIZE=7)>.

=========================================================================
*                           HDL Synthesis                               *
=========================================================================

Synthesizing Unit <ALU>.
    Related source file is "C:\Users\Juanma\arquitectura\tp1\ALU.v".
        REG_SIZE = 7
    Found 8-bit register for signal <B>.
    Found 8-bit register for signal <Op>.
    Found 8-bit register for signal <A>.
    Summary:
	inferred  24 D-type flip-flop(s).
Unit <ALU> synthesized.

Synthesizing Unit <Combinacional>.
    Related source file is "C:\Users\Juanma\arquitectura\tp1\Combinacional.v".
        REG_SIZE = 7
    Found 8-bit subtractor for signal <a[7]_b[7]_sub_2_OUT> created at line 33.
    Found 8-bit adder for signal <a[7]_b[7]_add_0_OUT> created at line 31.
    Found 8-bit shifter arithmetic right for signal <a[7]_b[7]_shift_right_5_OUT> created at line 41
    Found 8-bit shifter logical right for signal <a[7]_b[7]_shift_right_6_OUT> created at line 43
    Summary:
	inferred   2 Adder/Subtractor(s).
	inferred   2 Multiplexer(s).
	inferred   2 Combinational logic shifter(s).
Unit <Combinacional> synthesized.

=========================================================================
HDL Synthesis Report

Macro Statistics
# Adders/Subtractors                                   : 2
 8-bit adder                                           : 1
 8-bit subtractor                                      : 1
# Registers                                            : 3
 8-bit register                                        : 3
# Multiplexers                                         : 2
 8-bit 2-to-1 multiplexer                              : 2
# Logic shifters                                       : 2
 8-bit shifter arithmetic right                        : 1
 8-bit shifter logical right                           : 1
# Xors                                                 : 1
 8-bit xor2                                            : 1

=========================================================================

=========================================================================
*                       Advanced HDL Synthesis                          *
=========================================================================


=========================================================================
Advanced HDL Synthesis Report

Macro Statistics
# Adders/Subtractors                                   : 2
 8-bit adder                                           : 1
 8-bit subtractor                                      : 1
# Registers                                            : 24
 Flip-Flops                                            : 24
# Multiplexers                                         : 2
 8-bit 2-to-1 multiplexer                              : 2
# Logic shifters                                       : 2
 8-bit shifter arithmetic right                        : 1
 8-bit shifter logical right                           : 1
# Xors                                                 : 1
 8-bit xor2                                            : 1

=========================================================================

=========================================================================
*                         Low Level Synthesis                           *
=========================================================================

Optimizing unit <ALU> ...

Optimizing unit <Combinacional> ...

Mapping all equations...
Building and optimizing final netlist ...
Found area constraint ratio of 100 (+ 5) on block ALU, actual ratio is 1.

Final Macro Processing ...

=========================================================================
Final Register Report

Macro Statistics
# Registers                                            : 24
 Flip-Flops                                            : 24

=========================================================================

=========================================================================
*                           Partition Report                            *
=========================================================================

Partition Implementation Status
-------------------------------

  No Partitions were found in this design.

-------------------------------

=========================================================================
*                            Design Summary                             *
=========================================================================

Top Level Output File Name         : ALU.ngc

Primitive and Black Box Usage:
------------------------------
# BELS                             : 102
#      GND                         : 1
#      LUT2                        : 19
#      LUT3                        : 6
#      LUT4                        : 9
#      LUT5                        : 10
#      LUT6                        : 25
#      MUXCY                       : 14
#      MUXF7                       : 1
#      VCC                         : 1
#      XORCY                       : 16
# FlipFlops/Latches                : 24
#      FDE                         : 24
# Clock Buffers                    : 1
#      BUFGP                       : 1
# IO Buffers                       : 19
#      IBUF                        : 11
#      OBUF                        : 8

Device utilization summary:
---------------------------

Selected Device : 6slx16csg324-3 


Slice Logic Utilization: 
 Number of Slice Registers:              24  out of  18224     0%  
 Number of Slice LUTs:                   69  out of   9112     0%  
    Number used as Logic:                69  out of   9112     0%  

Slice Logic Distribution: 
 Number of LUT Flip Flop pairs used:     80
   Number with an unused Flip Flop:      56  out of     80    70%  
   Number with an unused LUT:            11  out of     80    13%  
   Number of fully used LUT-FF pairs:    13  out of     80    16%  
   Number of unique control sets:         3

IO Utilization: 
 Number of IOs:                          20
 Number of bonded IOBs:                  20  out of    232     8%  

Specific Feature Utilization:
 Number of BUFG/BUFGCTRLs:                1  out of     16     6%  

---------------------------
Partition Resource Summary:
---------------------------

  No Partitions were found in this design.

---------------------------


=========================================================================
Timing Report

NOTE: THESE TIMING NUMBERS ARE ONLY A SYNTHESIS ESTIMATE.
      FOR ACCURATE TIMING INFORMATION PLEASE REFER TO THE TRACE REPORT
      GENERATED AFTER PLACE-and-ROUTE.

Clock Information:
------------------
-----------------------------------+------------------------+-------+
Clock Signal                       | Clock buffer(FF name)  | Load  |
-----------------------------------+------------------------+-------+
mclk                               | BUFGP                  | 24    |
-----------------------------------+------------------------+-------+

Asynchronous Control Signals Information:
----------------------------------------
No asynchronous control signals found in this design

Timing Summary:
---------------
Speed Grade: -3

   Minimum period: No path found
   Minimum input arrival time before clock: 3.635ns
   Maximum output required time after clock: 8.081ns
   Maximum combinational path delay: No path found

Timing Details:
---------------
All values displayed in nanoseconds (ns)

=========================================================================
Timing constraint: Default OFFSET IN BEFORE for Clock 'mclk'
  Total number of paths / destination ports: 72 / 48
-------------------------------------------------------------------------
Offset:              3.635ns (Levels of Logic = 2)
  Source:            b1 (PAD)
  Destination:       Op_0 (FF)
  Destination Clock: mclk rising

  Data Path: b1 to Op_0
                                Gate     Net
    Cell:in->out      fanout   Delay   Delay  Logical Name (Net Name)
    ----------------------------------------  ------------
     IBUF:I->O            10   1.222   1.085  b1_IBUF (b1_IBUF)
     LUT3:I0->O            8   0.205   0.802  _n0036_inv1 (_n0036_inv)
     FDE:CE                    0.322          Op_0
    ----------------------------------------
    Total                      3.635ns (1.749ns logic, 1.887ns route)
                                       (48.1% logic, 51.9% route)

=========================================================================
Timing constraint: Default OFFSET OUT AFTER for Clock 'mclk'
  Total number of paths / destination ports: 543 / 8
-------------------------------------------------------------------------
Offset:              8.081ns (Levels of Logic = 5)
  Source:            Op_7 (FF)
  Destination:       W<5> (PAD)
  Source Clock:      mclk rising

  Data Path: Op_7 to W<5>
                                Gate     Net
    Cell:in->out      fanout   Delay   Delay  Logical Name (Net Name)
    ----------------------------------------  ------------
     FDE:C->Q              2   0.447   0.864  Op_7 (Op_7)
     LUT4:I0->O            7   0.203   0.774  instancia/op[7]_GND_2_o_equal_10_o<7>11 (instancia/op[7]_GND_2_o_equal_10_o<7>1)
     LUT4:I3->O            6   0.205   1.109  instancia/op[7]_GND_2_o_equal_15_o<7>11 (instancia/op[7]_GND_2_o_equal_15_o<7>1)
     LUT6:I0->O            1   0.203   0.924  instancia/w<5>3 (instancia/w<5>3)
     LUT6:I1->O            1   0.203   0.579  instancia/w<5>5 (W_5_OBUF)
     OBUF:I->O                 2.571          W_5_OBUF (W<5>)
    ----------------------------------------
    Total                      8.081ns (3.832ns logic, 4.249ns route)
                                       (47.4% logic, 52.6% route)

=========================================================================

Cross Clock Domains Report:
--------------------------

=========================================================================


Total REAL time to Xst completion: 17.00 secs
Total CPU time to Xst completion: 17.96 secs
 
--> 

Total memory usage is 355708 kilobytes

Number of errors   :    0 (   0 filtered)
Number of warnings :    0 (   0 filtered)
Number of infos    :    0 (   0 filtered)

