Release 14.7 - xst P.20131013 (nt64)
Copyright (c) 1995-2013 Xilinx, Inc.  All rights reserved.
--> Parameter TMPDIR set to xst/projnav.tmp


Total REAL time to Xst completion: 0.00 secs
Total CPU time to Xst completion: 0.08 secs
 
--> Parameter xsthdpdir set to xst


Total REAL time to Xst completion: 0.00 secs
Total CPU time to Xst completion: 0.08 secs
 
--> Reading design: bip.prj

TABLE OF CONTENTS
  1) Synthesis Options Summary
  2) HDL Compilation
  3) Design Hierarchy Analysis
  4) HDL Analysis
  5) HDL Synthesis
     5.1) HDL Synthesis Report
  6) Advanced HDL Synthesis
     6.1) Advanced HDL Synthesis Report
  7) Low Level Synthesis
  8) Partition Report
  9) Final Report
	9.1) Device utilization summary
	9.2) Partition Resource Summary
	9.3) TIMING REPORT


=========================================================================
*                      Synthesis Options Summary                        *
=========================================================================
---- Source Parameters
Input File Name                    : "bip.prj"
Input Format                       : mixed
Ignore Synthesis Constraint File   : NO

---- Target Parameters
Output File Name                   : "bip"
Output Format                      : NGC
Target Device                      : xc3s100e-5-cp132

---- Source Options
Top Module Name                    : bip
Automatic FSM Extraction           : YES
FSM Encoding Algorithm             : Auto
Safe Implementation                : No
FSM Style                          : LUT
RAM Extraction                     : Yes
RAM Style                          : Auto
ROM Extraction                     : Yes
Mux Style                          : Auto
Decoder Extraction                 : YES
Priority Encoder Extraction        : Yes
Shift Register Extraction          : YES
Logical Shifter Extraction         : YES
XOR Collapsing                     : YES
ROM Style                          : Auto
Mux Extraction                     : Yes
Resource Sharing                   : YES
Asynchronous To Synchronous        : NO
Multiplier Style                   : Auto
Automatic Register Balancing       : No

---- Target Options
Add IO Buffers                     : YES
Global Maximum Fanout              : 100000
Add Generic Clock Buffer(BUFG)     : 24
Register Duplication               : YES
Slice Packing                      : YES
Optimize Instantiated Primitives   : NO
Use Clock Enable                   : Yes
Use Synchronous Set                : Yes
Use Synchronous Reset              : Yes
Pack IO Registers into IOBs        : Auto
Equivalent register Removal        : YES

---- General Options
Optimization Goal                  : Speed
Optimization Effort                : 1
Keep Hierarchy                     : No
Netlist Hierarchy                  : As_Optimized
RTL Output                         : Yes
Global Optimization                : AllClockNets
Read Cores                         : YES
Write Timing Constraints           : NO
Cross Clock Analysis               : NO
Hierarchy Separator                : /
Bus Delimiter                      : <>
Case Specifier                     : Maintain
Slice Utilization Ratio            : 100
BRAM Utilization Ratio             : 100
Verilog 2001                       : YES
Auto BRAM Packing                  : NO
Slice Utilization Ratio Delta      : 5

=========================================================================


=========================================================================
*                          HDL Compilation                              *
=========================================================================
Compiling verilog file "signal_extension.v" in library work
Compiling verilog file "pc.v" in library work
Module <signal_extension> compiled
Compiling verilog file "ins_deco.v" in library work
Module <pc> compiled
Compiling verilog file "alu.v" in library work
Module <ins_deco> compiled
Compiling verilog file "acc.v" in library work
Module <alu> compiled
Compiling verilog file "uart_tx.v" in library work
Module <acc> compiled
Compiling verilog file "uart_rx.v" in library work
Module <uart_tx> compiled
Compiling verilog file "flag_buf.v" in library work
Module <uart_rx> compiled
Compiling verilog file "datapath.v" in library work
Module <flag_buf> compiled
Compiling verilog file "control.v" in library work
Module <datapath> compiled
Compiling verilog file "baud_gen.v" in library work
Module <control> compiled
Compiling verilog file "uart.v" in library work
Module <baud_gen> compiled
Compiling verilog file "program_memory.v" in library work
Module <uart> compiled
Compiling verilog file "data_memory.v" in library work
Module <program_memory> compiled
Compiling verilog file "cpu.v" in library work
Module <data_memory> compiled
Compiling verilog file "bip.v" in library work
Module <cpu> compiled
Module <bip> compiled
No errors in compilation
Analysis of file <"bip.prj"> succeeded.
 

=========================================================================
*                     Design Hierarchy Analysis                         *
=========================================================================
Analyzing hierarchy for module <bip> in library <work> with parameters.
	ADDR_BITS = "00000000000000000000000000001011"
	DATA_WIDTH = "00000000000000000000000000010000"
	acc_content = "11"
	clk_count = "10"
	start = "01"
	stop = "00"

Analyzing hierarchy for module <cpu> in library <work> with parameters.
	ADDR_BITS = "00000000000000000000000000001011"
	DATA_WIDTH = "00000000000000000000000000010000"

Analyzing hierarchy for module <data_memory> in library <work> with parameters.
	RAM_ADDR_BITS = "00000000000000000000000000001011"
	RAM_WIDTH = "00000000000000000000000000010000"

Analyzing hierarchy for module <program_memory> in library <work> with parameters.
	RAM_ADDR_BITS = "00000000000000000000000000001011"
	RAM_WIDTH = "00000000000000000000000000010000"

Analyzing hierarchy for module <uart> in library <work> with parameters.
	DBIT = "00000000000000000000000000001000"
	DVSR = "00000000000000000000000010100011"
	DVSR_BIT = "00000000000000000000000000001000"
	FIF0_W = "00000000000000000000000000000010"
	SB_TICK = "00000000000000000000000000010000"

Analyzing hierarchy for module <control> in library <work>.

Analyzing hierarchy for module <datapath> in library <work>.

Analyzing hierarchy for module <baud_gen> in library <work> with parameters.
	M = "00000000000000000000000010100011"
	N = "00000000000000000000000000001000"

Analyzing hierarchy for module <uart_rx> in library <work> with parameters.
	DBIT = "00000000000000000000000000001000"
	SB_TICK = "00000000000000000000000000010000"
	data = "10"
	idle = "00"
	start = "01"
	stop = "11"

Analyzing hierarchy for module <flag_buf> in library <work> with parameters.
	W = "00000000000000000000000000001000"

Analyzing hierarchy for module <uart_tx> in library <work> with parameters.
	DBIT = "00000000000000000000000000001000"
	SB_TICK = "00000000000000000000000000010000"
	data = "10"
	idle = "00"
	start = "01"
	stop = "11"

Analyzing hierarchy for module <pc> in library <work>.

Analyzing hierarchy for module <ins_deco> in library <work>.

Analyzing hierarchy for module <signal_extension> in library <work>.

Analyzing hierarchy for module <acc> in library <work>.

Analyzing hierarchy for module <alu> in library <work>.


=========================================================================
*                            HDL Analysis                               *
=========================================================================
Analyzing top module <bip>.
	ADDR_BITS = 32'sb00000000000000000000000000001011
	DATA_WIDTH = 32'sb00000000000000000000000000010000
	acc_content = 2'b11
	clk_count = 2'b10
	start = 2'b01
	stop = 2'b00
Module <bip> is correct for synthesis.
 
Analyzing module <cpu> in library <work>.
	ADDR_BITS = 32'sb00000000000000000000000000001011
	DATA_WIDTH = 32'sb00000000000000000000000000010000
Module <cpu> is correct for synthesis.
 
Analyzing module <control> in library <work>.
Module <control> is correct for synthesis.
 
Analyzing module <pc> in library <work>.
Module <pc> is correct for synthesis.
 
Analyzing module <ins_deco> in library <work>.
Module <ins_deco> is correct for synthesis.
 
Analyzing module <datapath> in library <work>.
Module <datapath> is correct for synthesis.
 
Analyzing module <signal_extension> in library <work>.
Module <signal_extension> is correct for synthesis.
 
Analyzing module <acc> in library <work>.
Module <acc> is correct for synthesis.
 
Analyzing module <alu> in library <work>.
Module <alu> is correct for synthesis.
 
Analyzing module <data_memory> in library <work>.
	RAM_ADDR_BITS = 32'sb00000000000000000000000000001011
	RAM_WIDTH = 32'sb00000000000000000000000000010000
Module <data_memory> is correct for synthesis.
 
Analyzing module <program_memory> in library <work>.
	RAM_ADDR_BITS = 32'sb00000000000000000000000000001011
	RAM_WIDTH = 32'sb00000000000000000000000000010000
INFO:Xst:2546 - "program_memory.v" line 39: reading initialization file "binario.bin".
WARNING:Xst:2319 - "program_memory.v" line 39: Signal ram_vec in initial block is partially initialized. The initialization will be ignored.
Module <program_memory> is correct for synthesis.
 
Analyzing module <uart> in library <work>.
	DBIT = 32'sb00000000000000000000000000001000
	DVSR = 32'sb00000000000000000000000010100011
	DVSR_BIT = 32'sb00000000000000000000000000001000
	FIF0_W = 32'sb00000000000000000000000000000010
	SB_TICK = 32'sb00000000000000000000000000010000
Module <uart> is correct for synthesis.
 
Analyzing module <baud_gen> in library <work>.
	M = 32'sb00000000000000000000000010100011
	N = 32'sb00000000000000000000000000001000
Module <baud_gen> is correct for synthesis.
 
Analyzing module <uart_rx> in library <work>.
	DBIT = 32'sb00000000000000000000000000001000
	SB_TICK = 32'sb00000000000000000000000000010000
	data = 2'b10
	idle = 2'b00
	start = 2'b01
	stop = 2'b11
Module <uart_rx> is correct for synthesis.
 
Analyzing module <flag_buf> in library <work>.
	W = 32'sb00000000000000000000000000001000
Module <flag_buf> is correct for synthesis.
 
Analyzing module <uart_tx> in library <work>.
	DBIT = 32'sb00000000000000000000000000001000
	SB_TICK = 32'sb00000000000000000000000000010000
	data = 2'b10
	idle = 2'b00
	start = 2'b01
	stop = 2'b11
Module <uart_tx> is correct for synthesis.
 

=========================================================================
*                           HDL Synthesis                               *
=========================================================================

Performing bidirectional port resolution...

Synthesizing Unit <data_memory>.
    Related source file is "data_memory.v".
    Found 2048x16-bit single-port RAM <Mram_ram_vec> for signal <ram_vec>.
    Found 16-bit register for signal <out_data>.
    Summary:
	inferred   1 RAM(s).
	inferred  16 D-type flip-flop(s).
Unit <data_memory> synthesized.


Synthesizing Unit <program_memory>.
    Related source file is "program_memory.v".
WARNING:Xst:653 - Signal <write> is used but never assigned. This sourceless signal will be automatically connected to value 0.
    Found 2048x16-bit single-port RAM <Mram_ram_vec> for signal <ram_vec>.
    Found 16-bit register for signal <out_data>.
    Summary:
	inferred   1 RAM(s).
	inferred  16 D-type flip-flop(s).
Unit <program_memory> synthesized.


Synthesizing Unit <pc>.
    Related source file is "pc.v".
    Found 11-bit up counter for signal <addr>.
    Summary:
	inferred   1 Counter(s).
Unit <pc> synthesized.


Synthesizing Unit <ins_deco>.
    Related source file is "ins_deco.v".
    Found 4x2-bit ROM for signal <$rom0000>.
    Summary:
	inferred   1 ROM(s).
Unit <ins_deco> synthesized.


Synthesizing Unit <signal_extension>.
    Related source file is "signal_extension.v".
Unit <signal_extension> synthesized.


Synthesizing Unit <acc>.
    Related source file is "acc.v".
    Found 16-bit register for signal <out_data>.
    Summary:
	inferred  16 D-type flip-flop(s).
Unit <acc> synthesized.


Synthesizing Unit <alu>.
    Related source file is "alu.v".
    Found 16-bit addsub for signal <out_data>.
    Summary:
	inferred   1 Adder/Subtractor(s).
Unit <alu> synthesized.


Synthesizing Unit <baud_gen>.
    Related source file is "baud_gen.v".
    Found 8-bit adder for signal <r_next$addsub0000> created at line 45.
    Found 8-bit register for signal <r_reg>.
    Summary:
	inferred   8 D-type flip-flop(s).
	inferred   1 Adder/Subtractor(s).
Unit <baud_gen> synthesized.


Synthesizing Unit <uart_rx>.
    Related source file is "uart_rx.v".
INFO:Xst:2117 - HDL ADVISOR - Mux Selector <state_reg> of Case statement line 71 was re-encoded using one-hot encoding. The case statement will be optimized (default statement optimization), but this optimization may lead to design initialization problems. To ensure the design works safely, you can:
   	- add an 'INIT' attribute on signal <state_reg> (optimization is then done without any risk)
   	- use the attribute 'signal_encoding user' to avoid onehot optimization
   	- use the attribute 'safe_implementation yes' to force XST to perform a safe (but less efficient) optimization
    Found finite state machine <FSM_0> for signal <state_reg>.
    -----------------------------------------------------------------------
    | States             | 4                                              |
    | Transitions        | 12                                             |
    | Inputs             | 5                                              |
    | Outputs            | 4                                              |
    | Clock              | clk                       (rising_edge)        |
    | Reset              | reset                     (positive)           |
    | Reset type         | asynchronous                                   |
    | Reset State        | 00                                             |
    | Encoding           | automatic                                      |
    | Implementation     | LUT                                            |
    -----------------------------------------------------------------------
    Found 8-bit register for signal <b_reg>.
    Found 3-bit adder for signal <n_next$addsub0000> created at line 97.
    Found 3-bit register for signal <n_reg>.
    Found 4-bit adder for signal <s_next$share0000> created at line 71.
    Found 4-bit register for signal <s_reg>.
    Summary:
	inferred   1 Finite State Machine(s).
	inferred  15 D-type flip-flop(s).
	inferred   2 Adder/Subtractor(s).
Unit <uart_rx> synthesized.


Synthesizing Unit <flag_buf>.
    Related source file is "flag_buf.v".
    Found 8-bit register for signal <buf_reg>.
    Found 1-bit register for signal <flag_reg>.
    Summary:
	inferred   9 D-type flip-flop(s).
Unit <flag_buf> synthesized.


Synthesizing Unit <uart_tx>.
    Related source file is "uart_tx.v".
INFO:Xst:2117 - HDL ADVISOR - Mux Selector <state_reg> of Case statement line 75 was re-encoded using one-hot encoding. The case statement will be optimized (default statement optimization), but this optimization may lead to design initialization problems. To ensure the design works safely, you can:
   	- add an 'INIT' attribute on signal <state_reg> (optimization is then done without any risk)
   	- use the attribute 'signal_encoding user' to avoid onehot optimization
   	- use the attribute 'safe_implementation yes' to force XST to perform a safe (but less efficient) optimization
    Found finite state machine <FSM_1> for signal <state_reg>.
    -----------------------------------------------------------------------
    | States             | 4                                              |
    | Transitions        | 12                                             |
    | Inputs             | 4                                              |
    | Outputs            | 4                                              |
    | Clock              | clk                       (rising_edge)        |
    | Reset              | reset                     (positive)           |
    | Reset type         | asynchronous                                   |
    | Reset State        | 00                                             |
    | Encoding           | automatic                                      |
    | Implementation     | LUT                                            |
    -----------------------------------------------------------------------
    Found 8-bit register for signal <b_reg>.
    Found 3-bit adder for signal <n_next$addsub0000> created at line 110.
    Found 3-bit register for signal <n_reg>.
    Found 4-bit adder for signal <s_next$share0000> created at line 75.
    Found 4-bit register for signal <s_reg>.
    Found 1-bit register for signal <tx_reg>.
    Summary:
	inferred   1 Finite State Machine(s).
	inferred  16 D-type flip-flop(s).
	inferred   2 Adder/Subtractor(s).
Unit <uart_tx> synthesized.


Synthesizing Unit <uart>.
    Related source file is "uart.v".
Unit <uart> synthesized.


Synthesizing Unit <control>.
    Related source file is "control.v".
Unit <control> synthesized.


Synthesizing Unit <datapath>.
    Related source file is "datapath.v".
    Found 16-bit 4-to-1 multiplexer for signal <a_selected>.
    Summary:
	inferred  16 Multiplexer(s).
Unit <datapath> synthesized.


Synthesizing Unit <cpu>.
    Related source file is "cpu.v".
Unit <cpu> synthesized.


Synthesizing Unit <bip>.
    Related source file is "bip.v".
WARNING:Xst:737 - Found 8-bit latch for signal <w_data>. Latches may be generated from incomplete case or if statements. We do not recommend the use of latches in FPGA/CPLD designs, as they may lead to timing problems.
INFO:Xst:2371 - HDL ADVISOR - Logic functions respectively driving the data and gate enable inputs of this latch share common terms. This situation will potentially lead to setup/hold violations and, as a result, to simulation problems. This situation may come from an incomplete case statement (all selector values are not covered). You should carefully review if it was in your intentions to describe such a latch.
    Found 8-bit up counter for signal <clk_counter>.
    Found 2-bit 4-to-1 multiplexer for signal <next_state>.
    Found 1-bit 4-to-1 multiplexer for signal <rd_uart>.
    Found 1-bit 4-to-1 multiplexer for signal <restart_state>.
    Found 2-bit register for signal <state>.
    Found 1-bit 4-to-1 multiplexer for signal <wr_uart>.
    Found 1-bit register for signal <restart>.
    Summary:
	inferred   1 Counter(s).
	inferred   3 D-type flip-flop(s).
	inferred   5 Multiplexer(s).
Unit <bip> synthesized.

INFO:Xst:1767 - HDL ADVISOR - Resource sharing has identified that some arithmetic operations in this design can share the same physical resources for reduced device utilization. For improved clock frequency you may try to disable resource sharing.

=========================================================================
HDL Synthesis Report

Macro Statistics
# RAMs                                                 : 2
 2048x16-bit single-port RAM                           : 2
# ROMs                                                 : 1
 4x2-bit ROM                                           : 1
# Adders/Subtractors                                   : 6
 16-bit addsub                                         : 1
 3-bit adder                                           : 2
 4-bit adder                                           : 2
 8-bit adder                                           : 1
# Counters                                             : 2
 11-bit up counter                                     : 1
 8-bit up counter                                      : 1
# Registers                                            : 17
 1-bit register                                        : 4
 16-bit register                                       : 3
 2-bit register                                        : 1
 3-bit register                                        : 2
 4-bit register                                        : 2
 8-bit register                                        : 5
# Latches                                              : 1
 8-bit latch                                           : 1
# Multiplexers                                         : 5
 1-bit 4-to-1 multiplexer                              : 3
 16-bit 4-to-1 multiplexer                             : 1
 2-bit 4-to-1 multiplexer                              : 1

=========================================================================

=========================================================================
*                       Advanced HDL Synthesis                          *
=========================================================================

Analyzing FSM <FSM_1> for best encoding.
Optimizing FSM <uart_unit/uart_tx_unit/state_reg/FSM> on signal <state_reg[1:2]> with gray encoding.
-------------------
 State | Encoding
-------------------
 00    | 00
 01    | 01
 10    | 11
 11    | 10
-------------------
Analyzing FSM <FSM_0> for best encoding.
Optimizing FSM <uart_unit/uart_rx_unit/state_reg/FSM> on signal <state_reg[1:2]> with gray encoding.
-------------------
 State | Encoding
-------------------
 00    | 00
 01    | 01
 10    | 11
 11    | 10
-------------------

Synthesizing (advanced) Unit <bip>.
INFO:Xst:3226 - The RAM <data_memory_unit/Mram_ram_vec> will be implemented as a BLOCK RAM, absorbing the following register(s): <data_memory_unit/out_data>
    -----------------------------------------------------------------------
    | ram_type           | Block                               |          |
    -----------------------------------------------------------------------
    | Port A                                                              |
    |     aspect ratio   | 2048-word x 16-bit                  |          |
    |     mode           | no-change                           |          |
    |     clkA           | connected to signal <clk>           | rise     |
    |     weA            | connected to signal <wr>            | high     |
    |     addrA          | connected to signal <instruction>   |          |
    |     diA            | connected to signal <acc>           |          |
    |     doA            | connected to signal <in_data>       |          |
    -----------------------------------------------------------------------
    | optimization       | speed                               |          |
    -----------------------------------------------------------------------
Unit <bip> synthesized (advanced).

Synthesizing (advanced) Unit <program_memory>.
INFO:Xst:3038 - The RAM <Mram_ram_vec> appears to be read-only. If that was not your intent please check the write enable description.
INFO:Xst:3226 - The RAM <Mram_ram_vec> will be implemented as a BLOCK RAM, absorbing the following register(s): <out_data>
    -----------------------------------------------------------------------
    | ram_type           | Block                               |          |
    -----------------------------------------------------------------------
    | Port A                                                              |
    |     aspect ratio   | 2048-word x 16-bit                  |          |
    |     mode           | write-first                         |          |
    |     clkA           | connected to signal <clk>           | fall     |
    |     enA            | connected to signal <GND>           | low      |
    |     weA            | connected to signal <GND>           | high     |
    |     addrA          | connected to signal <addr>          |          |
    |     diA            | connected to signal <GND>           |          |
    |     doA            | connected to signal <out_data>      |          |
    -----------------------------------------------------------------------
    | optimization       | speed                               |          |
    -----------------------------------------------------------------------
Unit <program_memory> synthesized (advanced).

=========================================================================
Advanced HDL Synthesis Report

Macro Statistics
# RAMs                                                 : 2
 2048x16-bit single-port block RAM                     : 2
# ROMs                                                 : 1
 4x2-bit ROM                                           : 1
# Adders/Subtractors                                   : 6
 16-bit addsub                                         : 1
 3-bit adder                                           : 2
 4-bit adder                                           : 2
 8-bit adder                                           : 1
# Counters                                             : 2
 11-bit up counter                                     : 1
 8-bit up counter                                      : 1
# Registers                                            : 80
 Flip-Flops                                            : 80
# Latches                                              : 1
 8-bit latch                                           : 1
# Multiplexers                                         : 5
 1-bit 4-to-1 multiplexer                              : 3
 16-bit 4-to-1 multiplexer                             : 1
 2-bit 4-to-1 multiplexer                              : 1

=========================================================================

=========================================================================
*                         Low Level Synthesis                           *
=========================================================================

Optimizing unit <bip> ...

Optimizing unit <acc> ...

Optimizing unit <baud_gen> ...

Optimizing unit <uart_rx> ...

Optimizing unit <flag_buf> ...

Optimizing unit <uart_tx> ...

Mapping all equations...
Building and optimizing final netlist ...
Found area constraint ratio of 100 (+ 5) on block bip, actual ratio is 12.
Latch w_data_7 has been replicated 1 time(s) to handle iob=true attribute.
Latch w_data_6 has been replicated 1 time(s) to handle iob=true attribute.
Latch w_data_5 has been replicated 1 time(s) to handle iob=true attribute.
Latch w_data_4 has been replicated 1 time(s) to handle iob=true attribute.
Latch w_data_3 has been replicated 1 time(s) to handle iob=true attribute.
Latch w_data_2 has been replicated 1 time(s) to handle iob=true attribute.
Latch w_data_1 has been replicated 1 time(s) to handle iob=true attribute.
Latch w_data_0 has been replicated 1 time(s) to handle iob=true attribute.

Final Macro Processing ...

=========================================================================
Final Register Report

Macro Statistics
# Registers                                            : 99
 Flip-Flops                                            : 99

=========================================================================

=========================================================================
*                           Partition Report                            *
=========================================================================

Partition Implementation Status
-------------------------------

  No Partitions were found in this design.

-------------------------------

=========================================================================
*                            Final Report                               *
=========================================================================
Final Results
RTL Top Level Output File Name     : bip.ngr
Top Level Output File Name         : bip
Output Format                      : NGC
Optimization Goal                  : Speed
Keep Hierarchy                     : No

Design Statistics
# IOs                              : 53

Cell Usage :
# BELS                             : 281
#      GND                         : 1
#      INV                         : 4
#      LUT1                        : 10
#      LUT2                        : 14
#      LUT2_D                      : 1
#      LUT3                        : 55
#      LUT3_L                      : 11
#      LUT4                        : 110
#      MUXCY                       : 32
#      MUXF5                       : 7
#      VCC                         : 1
#      XORCY                       : 35
# FlipFlops/Latches                : 115
#      FDC                         : 55
#      FDCE                        : 27
#      FDE_1                       : 16
#      FDP                         : 1
#      LD                          : 16
# RAMS                             : 4
#      RAMB16_S9                   : 4
# Clock Buffers                    : 1
#      BUFGP                       : 1
# IO Buffers                       : 52
#      IBUF                        : 2
#      OBUF                        : 50
=========================================================================

Device utilization summary:
---------------------------

Selected Device : 3s100ecp132-5 

 Number of Slices:                      106  out of    960    11%  
 Number of Slice Flip Flops:            107  out of   1920     5%  
 Number of 4 input LUTs:                205  out of   1920    10%  
 Number of IOs:                          53
 Number of bonded IOBs:                  53  out of     83    63%  
    IOB Flip Flops:                       8
 Number of BRAMs:                         4  out of      4   100%  
 Number of GCLKs:                         1  out of     24     4%  

---------------------------
Partition Resource Summary:
---------------------------

  No Partitions were found in this design.

---------------------------


=========================================================================
TIMING REPORT

NOTE: THESE TIMING NUMBERS ARE ONLY A SYNTHESIS ESTIMATE.
      FOR ACCURATE TIMING INFORMATION PLEASE REFER TO THE TRACE REPORT
      GENERATED AFTER PLACE-and-ROUTE.

Clock Information:
------------------
-----------------------------------+------------------------+-------+
Clock Signal                       | Clock buffer(FF name)  | Load  |
-----------------------------------+------------------------+-------+
clk                                | BUFGP                  | 103   |
wr_uart_OBUF(wr_uart1:O)           | NONE(*)(w_data_0)      | 16    |
-----------------------------------+------------------------+-------+
(*) This 1 clock signal(s) are generated by combinatorial logic,
and XST is not able to identify which are the primary clock signals.
Please use the CLOCK_SIGNAL constraint to specify the clock signal(s) generated by combinatorial logic.
INFO:Xst:2169 - HDL ADVISOR - Some clock signals were not automatically buffered by XST with BUFG/BUFR resources. Please use the buffer_type constraint in order to insert these buffers to the clock signals to help prevent skew problems.

Asynchronous Control Signals Information:
----------------------------------------
-----------------------------------+-------------------------------------------+-------+
Control Signal                     | Buffer(FF name)                           | Load  |
-----------------------------------+-------------------------------------------+-------+
reset                              | IBUF                                      | 72    |
restart(restart:Q)                 | NONE(cpu_unit/control_unit/pc_unit/addr_0)| 11    |
-----------------------------------+-------------------------------------------+-------+

Timing Summary:
---------------
Speed Grade: -5

   Minimum period: 15.511ns (Maximum Frequency: 64.469MHz)
   Minimum input arrival time before clock: 4.953ns
   Maximum output required time after clock: 10.015ns
   Maximum combinational path delay: No path found

Timing Detail:
--------------
All values displayed in nanoseconds (ns)

=========================================================================
Timing constraint: Default period analysis for Clock 'clk'
  Clock period: 15.511ns (frequency: 64.469MHz)
  Total number of paths / destination ports: 2651 / 196
-------------------------------------------------------------------------
Delay:               7.756ns (Levels of Logic = 4)
  Source:            program_memory_unit/Mram_ram_vec2 (RAM)
  Destination:       uart_unit/flag_buf_tx_unit/flag_reg (FF)
  Source Clock:      clk falling
  Destination Clock: clk rising

  Data Path: program_memory_unit/Mram_ram_vec2 to uart_unit/flag_buf_tx_unit/flag_reg
                                Gate     Net
    Cell:in->out      fanout   Delay   Delay  Logical Name (Net Name)
    ----------------------------------------  ------------
     RAMB16_S9:CLK->DO6    2   2.436   0.532  program_memory_unit/Mram_ram_vec2 (instruction<15>)
     LUT2_D:I0->LO         1   0.612   0.103  cpu_unit/control_unit/ins_deco_unit/wr_pc_and00001 (N98)
     LUT4:I3->O           15   0.612   0.867  cpu_unit/control_unit/ins_deco_unit/wr_pc1 (wr_pc)
     LUT4:I3->O           26   0.612   1.101  wr_uart1 (wr_uart_OBUF)
     LUT3:I2->O            1   0.612   0.000  uart_unit/flag_buf_tx_unit/flag_next1 (uart_unit/flag_buf_tx_unit/flag_next)
     FDC:D                     0.268          uart_unit/flag_buf_tx_unit/flag_reg
    ----------------------------------------
    Total                      7.756ns (5.152ns logic, 2.604ns route)
                                       (66.4% logic, 33.6% route)

=========================================================================
Timing constraint: Default OFFSET IN BEFORE for Clock 'clk'
  Total number of paths / destination ports: 6 / 6
-------------------------------------------------------------------------
Offset:              4.953ns (Levels of Logic = 5)
  Source:            rx (PAD)
  Destination:       uart_unit/uart_rx_unit/s_reg_2 (FF)
  Destination Clock: clk rising

  Data Path: rx to uart_unit/uart_rx_unit/s_reg_2
                                Gate     Net
    Cell:in->out      fanout   Delay   Delay  Logical Name (Net Name)
    ----------------------------------------  ------------
     IBUF:I->O             4   1.106   0.502  rx_IBUF (rx_IBUF)
     LUT4:I3->O            3   0.612   0.454  uart_unit/uart_rx_unit/s_next<0>15 (uart_unit/uart_rx_unit/N16)
     LUT4:I3->O            1   0.612   0.509  uart_unit/uart_rx_unit/s_next<2>10 (uart_unit/uart_rx_unit/s_next<2>10)
     LUT3:I0->O            1   0.612   0.000  uart_unit/uart_rx_unit/s_next<2>34_G (N95)
     MUXF5:I1->O           1   0.278   0.000  uart_unit/uart_rx_unit/s_next<2>34 (uart_unit/uart_rx_unit/s_next<2>)
     FDC:D                     0.268          uart_unit/uart_rx_unit/s_reg_2
    ----------------------------------------
    Total                      4.953ns (3.488ns logic, 1.465ns route)
                                       (70.4% logic, 29.6% route)

=========================================================================
Timing constraint: Default OFFSET OUT AFTER for Clock 'clk'
  Total number of paths / destination ports: 100 / 42
-------------------------------------------------------------------------
Offset:              10.015ns (Levels of Logic = 4)
  Source:            program_memory_unit/Mram_ram_vec2 (RAM)
  Destination:       wr_uart (PAD)
  Source Clock:      clk falling

  Data Path: program_memory_unit/Mram_ram_vec2 to wr_uart
                                Gate     Net
    Cell:in->out      fanout   Delay   Delay  Logical Name (Net Name)
    ----------------------------------------  ------------
     RAMB16_S9:CLK->DO6    2   2.436   0.532  program_memory_unit/Mram_ram_vec2 (instruction<15>)
     LUT2_D:I0->LO         1   0.612   0.103  cpu_unit/control_unit/ins_deco_unit/wr_pc_and00001 (N98)
     LUT4:I3->O           15   0.612   0.867  cpu_unit/control_unit/ins_deco_unit/wr_pc1 (wr_pc)
     LUT4:I3->O           26   0.612   1.071  wr_uart1 (wr_uart_OBUF)
     OBUF:I->O                 3.169          wr_uart_OBUF (wr_uart)
    ----------------------------------------
    Total                     10.015ns (7.441ns logic, 2.574ns route)
                                       (74.3% logic, 25.7% route)

=========================================================================
Timing constraint: Default OFFSET OUT AFTER for Clock 'wr_uart_OBUF'
  Total number of paths / destination ports: 8 / 8
-------------------------------------------------------------------------
Offset:              4.114ns (Levels of Logic = 1)
  Source:            w_data_7_1 (LATCH)
  Destination:       w_data<7> (PAD)
  Source Clock:      wr_uart_OBUF falling

  Data Path: w_data_7_1 to w_data<7>
                                Gate     Net
    Cell:in->out      fanout   Delay   Delay  Logical Name (Net Name)
    ----------------------------------------  ------------
     LD:G->Q               1   0.588   0.357  w_data_7_1 (w_data_7_1)
     OBUF:I->O                 3.169          w_data_7_OBUF (w_data<7>)
    ----------------------------------------
    Total                      4.114ns (3.757ns logic, 0.357ns route)
                                       (91.3% logic, 8.7% route)

=========================================================================


Total REAL time to Xst completion: 5.00 secs
Total CPU time to Xst completion: 5.63 secs
 
--> 

Total memory usage is 340232 kilobytes

Number of errors   :    0 (   0 filtered)
Number of warnings :    3 (   0 filtered)
Number of infos    :    9 (   0 filtered)

