Release 14.7 - xst P.20131013 (nt64)
Copyright (c) 1995-2013 Xilinx, Inc.  All rights reserved.
--> Parameter TMPDIR set to xst/projnav.tmp


Total REAL time to Xst completion: 0.00 secs
Total CPU time to Xst completion: 0.43 secs
 
--> Parameter xsthdpdir set to xst


Total REAL time to Xst completion: 0.00 secs
Total CPU time to Xst completion: 0.43 secs
 
--> Reading design: datapath.prj

TABLE OF CONTENTS
  1) Synthesis Options Summary
  2) HDL Compilation
  3) Design Hierarchy Analysis
  4) HDL Analysis
  5) HDL Synthesis
     5.1) HDL Synthesis Report
  6) Advanced HDL Synthesis
     6.1) Advanced HDL Synthesis Report
  7) Low Level Synthesis
  8) Partition Report
  9) Final Report
	9.1) Device utilization summary
	9.2) Partition Resource Summary
	9.3) TIMING REPORT


=========================================================================
*                      Synthesis Options Summary                        *
=========================================================================
---- Source Parameters
Input File Name                    : "datapath.prj"
Input Format                       : mixed
Ignore Synthesis Constraint File   : NO

---- Target Parameters
Output File Name                   : "datapath"
Output Format                      : NGC
Target Device                      : xc3s100e-5-cp132

---- Source Options
Top Module Name                    : datapath
Automatic FSM Extraction           : YES
FSM Encoding Algorithm             : Auto
Safe Implementation                : No
FSM Style                          : LUT
RAM Extraction                     : Yes
RAM Style                          : Auto
ROM Extraction                     : Yes
Mux Style                          : Auto
Decoder Extraction                 : YES
Priority Encoder Extraction        : Yes
Shift Register Extraction          : YES
Logical Shifter Extraction         : YES
XOR Collapsing                     : YES
ROM Style                          : Auto
Mux Extraction                     : Yes
Resource Sharing                   : YES
Asynchronous To Synchronous        : NO
Multiplier Style                   : Auto
Automatic Register Balancing       : No

---- Target Options
Add IO Buffers                     : YES
Global Maximum Fanout              : 100000
Add Generic Clock Buffer(BUFG)     : 24
Register Duplication               : YES
Slice Packing                      : YES
Optimize Instantiated Primitives   : NO
Use Clock Enable                   : Yes
Use Synchronous Set                : Yes
Use Synchronous Reset              : Yes
Pack IO Registers into IOBs        : Auto
Equivalent register Removal        : YES

---- General Options
Optimization Goal                  : Speed
Optimization Effort                : 1
Keep Hierarchy                     : No
Netlist Hierarchy                  : As_Optimized
RTL Output                         : Yes
Global Optimization                : AllClockNets
Read Cores                         : YES
Write Timing Constraints           : NO
Cross Clock Analysis               : NO
Hierarchy Separator                : /
Bus Delimiter                      : <>
Case Specifier                     : Maintain
Slice Utilization Ratio            : 100
BRAM Utilization Ratio             : 100
Verilog 2001                       : YES
Auto BRAM Packing                  : NO
Slice Utilization Ratio Delta      : 5

=========================================================================


=========================================================================
*                          HDL Compilation                              *
=========================================================================
Compiling verilog file "signal_extension.v" in library work
Compiling verilog file "alu.v" in library work
Module <signal_extension> compiled
Compiling verilog file "acc.v" in library work
Module <alu> compiled
Compiling verilog file "datapath.v" in library work
Module <acc> compiled
Module <datapath> compiled
No errors in compilation
Analysis of file <"datapath.prj"> succeeded.
 

=========================================================================
*                     Design Hierarchy Analysis                         *
=========================================================================
Analyzing hierarchy for module <datapath> in library <work>.

Analyzing hierarchy for module <signal_extension> in library <work>.

Analyzing hierarchy for module <acc> in library <work>.

Analyzing hierarchy for module <alu> in library <work>.


=========================================================================
*                            HDL Analysis                               *
=========================================================================
Analyzing top module <datapath>.
Module <datapath> is correct for synthesis.
 
Analyzing module <signal_extension> in library <work>.
Module <signal_extension> is correct for synthesis.
 
Analyzing module <acc> in library <work>.
Module <acc> is correct for synthesis.
 
Analyzing module <alu> in library <work>.
Module <alu> is correct for synthesis.
 

=========================================================================
*                           HDL Synthesis                               *
=========================================================================

Performing bidirectional port resolution...

Synthesizing Unit <signal_extension>.
    Related source file is "signal_extension.v".
Unit <signal_extension> synthesized.


Synthesizing Unit <acc>.
    Related source file is "acc.v".
    Found 16-bit register for signal <out_data>.
    Summary:
	inferred  16 D-type flip-flop(s).
Unit <acc> synthesized.


Synthesizing Unit <alu>.
    Related source file is "alu.v".
    Found 16-bit addsub for signal <out_data>.
    Summary:
	inferred   1 Adder/Subtractor(s).
Unit <alu> synthesized.


Synthesizing Unit <datapath>.
    Related source file is "datapath.v".
    Found 16-bit 4-to-1 multiplexer for signal <a_selected>.
    Summary:
	inferred  16 Multiplexer(s).
Unit <datapath> synthesized.

INFO:Xst:1767 - HDL ADVISOR - Resource sharing has identified that some arithmetic operations in this design can share the same physical resources for reduced device utilization. For improved clock frequency you may try to disable resource sharing.

=========================================================================
HDL Synthesis Report

Macro Statistics
# Adders/Subtractors                                   : 1
 16-bit addsub                                         : 1
# Registers                                            : 1
 16-bit register                                       : 1
# Multiplexers                                         : 1
 16-bit 4-to-1 multiplexer                             : 1

=========================================================================

=========================================================================
*                       Advanced HDL Synthesis                          *
=========================================================================


=========================================================================
Advanced HDL Synthesis Report

Macro Statistics
# Adders/Subtractors                                   : 1
 16-bit addsub                                         : 1
# Registers                                            : 16
 Flip-Flops                                            : 16
# Multiplexers                                         : 1
 16-bit 4-to-1 multiplexer                             : 1

=========================================================================

=========================================================================
*                         Low Level Synthesis                           *
=========================================================================

Optimizing unit <datapath> ...

Optimizing unit <acc> ...

Mapping all equations...
Building and optimizing final netlist ...
Found area constraint ratio of 100 (+ 5) on block datapath, actual ratio is 3.

Final Macro Processing ...

=========================================================================
Final Register Report

Macro Statistics
# Registers                                            : 16
 Flip-Flops                                            : 16

=========================================================================

=========================================================================
*                           Partition Report                            *
=========================================================================

Partition Implementation Status
-------------------------------

  No Partitions were found in this design.

-------------------------------

=========================================================================
*                            Final Report                               *
=========================================================================
Final Results
RTL Top Level Output File Name     : datapath.ngr
Top Level Output File Name         : datapath
Output Format                      : NGC
Optimization Goal                  : Speed
Keep Hierarchy                     : No

Design Statistics
# IOs                              : 76

Cell Usage :
# BELS                             : 86
#      INV                         : 1
#      LUT3                        : 33
#      LUT4                        : 21
#      MUXCY                       : 15
#      XORCY                       : 16
# FlipFlops/Latches                : 16
#      FDE                         : 16
# Clock Buffers                    : 1
#      BUFGP                       : 1
# IO Buffers                       : 75
#      IBUF                        : 32
#      OBUF                        : 43
=========================================================================

Device utilization summary:
---------------------------

Selected Device : 3s100ecp132-5 

 Number of Slices:                       30  out of    960     3%  
 Number of Slice Flip Flops:             16  out of   1920     0%  
 Number of 4 input LUTs:                 55  out of   1920     2%  
 Number of IOs:                          76
 Number of bonded IOBs:                  76  out of     83    91%  
 Number of GCLKs:                         1  out of     24     4%  

---------------------------
Partition Resource Summary:
---------------------------

  No Partitions were found in this design.

---------------------------


=========================================================================
TIMING REPORT

NOTE: THESE TIMING NUMBERS ARE ONLY A SYNTHESIS ESTIMATE.
      FOR ACCURATE TIMING INFORMATION PLEASE REFER TO THE TRACE REPORT
      GENERATED AFTER PLACE-and-ROUTE.

Clock Information:
------------------
-----------------------------------+------------------------+-------+
Clock Signal                       | Clock buffer(FF name)  | Load  |
-----------------------------------+------------------------+-------+
clk                                | BUFGP                  | 16    |
-----------------------------------+------------------------+-------+

Asynchronous Control Signals Information:
----------------------------------------
No asynchronous control signals found in this design

Timing Summary:
---------------
Speed Grade: -5

   Minimum period: 4.671ns (Maximum Frequency: 214.071MHz)
   Minimum input arrival time before clock: 6.851ns
   Maximum output required time after clock: 4.134ns
   Maximum combinational path delay: 4.726ns

Timing Detail:
--------------
All values displayed in nanoseconds (ns)

=========================================================================
Timing constraint: Default period analysis for Clock 'clk'
  Clock period: 4.671ns (frequency: 214.071MHz)
  Total number of paths / destination ports: 256 / 16
-------------------------------------------------------------------------
Delay:               4.671ns (Levels of Logic = 18)
  Source:            acc_unit/out_data_0 (FF)
  Destination:       acc_unit/out_data_15 (FF)
  Source Clock:      clk rising
  Destination Clock: clk rising

  Data Path: acc_unit/out_data_0 to acc_unit/out_data_15
                                Gate     Net
    Cell:in->out      fanout   Delay   Delay  Logical Name (Net Name)
    ----------------------------------------  ------------
     FDE:C->Q              3   0.514   0.481  acc_unit/out_data_0 (acc_unit/out_data_0)
     LUT3:I2->O            1   0.612   0.000  alu_unit/Maddsub_out_data_lut<0> (alu_unit/Maddsub_out_data_lut<0>)
     MUXCY:S->O            1   0.404   0.000  alu_unit/Maddsub_out_data_cy<0> (alu_unit/Maddsub_out_data_cy<0>)
     MUXCY:CI->O           1   0.052   0.000  alu_unit/Maddsub_out_data_cy<1> (alu_unit/Maddsub_out_data_cy<1>)
     MUXCY:CI->O           1   0.052   0.000  alu_unit/Maddsub_out_data_cy<2> (alu_unit/Maddsub_out_data_cy<2>)
     MUXCY:CI->O           1   0.052   0.000  alu_unit/Maddsub_out_data_cy<3> (alu_unit/Maddsub_out_data_cy<3>)
     MUXCY:CI->O           1   0.052   0.000  alu_unit/Maddsub_out_data_cy<4> (alu_unit/Maddsub_out_data_cy<4>)
     MUXCY:CI->O           1   0.052   0.000  alu_unit/Maddsub_out_data_cy<5> (alu_unit/Maddsub_out_data_cy<5>)
     MUXCY:CI->O           1   0.052   0.000  alu_unit/Maddsub_out_data_cy<6> (alu_unit/Maddsub_out_data_cy<6>)
     MUXCY:CI->O           1   0.052   0.000  alu_unit/Maddsub_out_data_cy<7> (alu_unit/Maddsub_out_data_cy<7>)
     MUXCY:CI->O           1   0.052   0.000  alu_unit/Maddsub_out_data_cy<8> (alu_unit/Maddsub_out_data_cy<8>)
     MUXCY:CI->O           1   0.052   0.000  alu_unit/Maddsub_out_data_cy<9> (alu_unit/Maddsub_out_data_cy<9>)
     MUXCY:CI->O           1   0.052   0.000  alu_unit/Maddsub_out_data_cy<10> (alu_unit/Maddsub_out_data_cy<10>)
     MUXCY:CI->O           1   0.052   0.000  alu_unit/Maddsub_out_data_cy<11> (alu_unit/Maddsub_out_data_cy<11>)
     MUXCY:CI->O           1   0.052   0.000  alu_unit/Maddsub_out_data_cy<12> (alu_unit/Maddsub_out_data_cy<12>)
     MUXCY:CI->O           1   0.052   0.000  alu_unit/Maddsub_out_data_cy<13> (alu_unit/Maddsub_out_data_cy<13>)
     MUXCY:CI->O           0   0.051   0.000  alu_unit/Maddsub_out_data_cy<14> (alu_unit/Maddsub_out_data_cy<14>)
     XORCY:CI->O           1   0.699   0.360  alu_unit/Maddsub_out_data_xor<15> (alu_out<15>)
     LUT4:I3->O            1   0.612   0.000  Mmux_a_selected91 (a_selected<15>)
     FDE:D                     0.268          acc_unit/out_data_15
    ----------------------------------------
    Total                      4.671ns (3.830ns logic, 0.841ns route)
                                       (82.0% logic, 18.0% route)

=========================================================================
Timing constraint: Default OFFSET IN BEFORE for Clock 'clk'
  Total number of paths / destination ports: 631 / 32
-------------------------------------------------------------------------
Offset:              6.851ns (Levels of Logic = 20)
  Source:            sel_b (PAD)
  Destination:       acc_unit/out_data_15 (FF)
  Destination Clock: clk rising

  Data Path: sel_b to acc_unit/out_data_15
                                Gate     Net
    Cell:in->out      fanout   Delay   Delay  Logical Name (Net Name)
    ----------------------------------------  ------------
     IBUF:I->O            16   1.106   1.031  sel_b_IBUF (sel_b_IBUF)
     LUT3:I0->O            1   0.612   0.426  b_selected<0>1 (b_selected<0>)
     LUT3:I1->O            1   0.612   0.000  alu_unit/Maddsub_out_data_lut<0> (alu_unit/Maddsub_out_data_lut<0>)
     MUXCY:S->O            1   0.404   0.000  alu_unit/Maddsub_out_data_cy<0> (alu_unit/Maddsub_out_data_cy<0>)
     MUXCY:CI->O           1   0.052   0.000  alu_unit/Maddsub_out_data_cy<1> (alu_unit/Maddsub_out_data_cy<1>)
     MUXCY:CI->O           1   0.052   0.000  alu_unit/Maddsub_out_data_cy<2> (alu_unit/Maddsub_out_data_cy<2>)
     MUXCY:CI->O           1   0.052   0.000  alu_unit/Maddsub_out_data_cy<3> (alu_unit/Maddsub_out_data_cy<3>)
     MUXCY:CI->O           1   0.052   0.000  alu_unit/Maddsub_out_data_cy<4> (alu_unit/Maddsub_out_data_cy<4>)
     MUXCY:CI->O           1   0.052   0.000  alu_unit/Maddsub_out_data_cy<5> (alu_unit/Maddsub_out_data_cy<5>)
     MUXCY:CI->O           1   0.052   0.000  alu_unit/Maddsub_out_data_cy<6> (alu_unit/Maddsub_out_data_cy<6>)
     MUXCY:CI->O           1   0.052   0.000  alu_unit/Maddsub_out_data_cy<7> (alu_unit/Maddsub_out_data_cy<7>)
     MUXCY:CI->O           1   0.052   0.000  alu_unit/Maddsub_out_data_cy<8> (alu_unit/Maddsub_out_data_cy<8>)
     MUXCY:CI->O           1   0.052   0.000  alu_unit/Maddsub_out_data_cy<9> (alu_unit/Maddsub_out_data_cy<9>)
     MUXCY:CI->O           1   0.052   0.000  alu_unit/Maddsub_out_data_cy<10> (alu_unit/Maddsub_out_data_cy<10>)
     MUXCY:CI->O           1   0.052   0.000  alu_unit/Maddsub_out_data_cy<11> (alu_unit/Maddsub_out_data_cy<11>)
     MUXCY:CI->O           1   0.052   0.000  alu_unit/Maddsub_out_data_cy<12> (alu_unit/Maddsub_out_data_cy<12>)
     MUXCY:CI->O           1   0.052   0.000  alu_unit/Maddsub_out_data_cy<13> (alu_unit/Maddsub_out_data_cy<13>)
     MUXCY:CI->O           0   0.051   0.000  alu_unit/Maddsub_out_data_cy<14> (alu_unit/Maddsub_out_data_cy<14>)
     XORCY:CI->O           1   0.699   0.360  alu_unit/Maddsub_out_data_xor<15> (alu_out<15>)
     LUT4:I3->O            1   0.612   0.000  Mmux_a_selected91 (a_selected<15>)
     FDE:D                     0.268          acc_unit/out_data_15
    ----------------------------------------
    Total                      6.851ns (5.034ns logic, 1.817ns route)
                                       (73.5% logic, 26.5% route)

=========================================================================
Timing constraint: Default OFFSET OUT AFTER for Clock 'clk'
  Total number of paths / destination ports: 32 / 32
-------------------------------------------------------------------------
Offset:              4.134ns (Levels of Logic = 1)
  Source:            acc_unit/out_data_15 (FF)
  Destination:       acc<15> (PAD)
  Source Clock:      clk rising

  Data Path: acc_unit/out_data_15 to acc<15>
                                Gate     Net
    Cell:in->out      fanout   Delay   Delay  Logical Name (Net Name)
    ----------------------------------------  ------------
     FDE:C->Q              3   0.514   0.451  acc_unit/out_data_15 (acc_unit/out_data_15)
     OBUF:I->O                 3.169          acc_15_OBUF (acc<15>)
    ----------------------------------------
    Total                      4.134ns (3.683ns logic, 0.451ns route)
                                       (89.1% logic, 10.9% route)

=========================================================================
Timing constraint: Default path analysis
  Total number of paths / destination ports: 11 / 11
-------------------------------------------------------------------------
Delay:               4.726ns (Levels of Logic = 2)
  Source:            operand<10> (PAD)
  Destination:       addr<10> (PAD)

  Data Path: operand<10> to addr<10>
                                Gate     Net
    Cell:in->out      fanout   Delay   Delay  Logical Name (Net Name)
    ----------------------------------------  ------------
     IBUF:I->O             3   1.106   0.451  operand_10_IBUF (addr_10_OBUF)
     OBUF:I->O                 3.169          addr_10_OBUF (addr<10>)
    ----------------------------------------
    Total                      4.726ns (4.275ns logic, 0.451ns route)
                                       (90.5% logic, 9.5% route)

=========================================================================


Total REAL time to Xst completion: 5.00 secs
Total CPU time to Xst completion: 5.68 secs
 
--> 

Total memory usage is 324092 kilobytes

Number of errors   :    0 (   0 filtered)
Number of warnings :    0 (   0 filtered)
Number of infos    :    1 (   0 filtered)

