Running: C:\Xilinx\14.7\ISE_DS\ISE\bin\nt64\unwrapped\fuse.exe -intstyle ise -incremental -lib unisims_ver -lib unimacro_ver -lib xilinxcorelib_ver -o C:/Users/Franco/Git/arquitectura/tp3/cpu_test_isim_beh.exe -prj C:/Users/Franco/Git/arquitectura/tp3/cpu_test_beh.prj work.cpu_test work.glbl 
ISim P.20131013 (signature 0x7708f090)
Number of CPUs detected in this system: 8
Turning on mult-threading, number of parallel sub-compilation jobs: 16 
Determining compilation order of HDL files
Analyzing Verilog file "C:/Users/Franco/Git/arquitectura/tp3/signal_extension.v" into library work
Analyzing Verilog file "C:/Users/Franco/Git/arquitectura/tp3/pc.v" into library work
Analyzing Verilog file "C:/Users/Franco/Git/arquitectura/tp3/ins_deco.v" into library work
Analyzing Verilog file "C:/Users/Franco/Git/arquitectura/tp3/alu.v" into library work
Analyzing Verilog file "C:/Users/Franco/Git/arquitectura/tp3/acc.v" into library work
Analyzing Verilog file "C:/Users/Franco/Git/arquitectura/tp3/datapath.v" into library work
Analyzing Verilog file "C:/Users/Franco/Git/arquitectura/tp3/control.v" into library work
Analyzing Verilog file "C:/Users/Franco/Git/arquitectura/tp3/cpu.v" into library work
Analyzing Verilog file "C:/Users/Franco/Git/arquitectura/tp3/cpu_test.v" into library work
Analyzing Verilog file "C:/Xilinx/14.7/ISE_DS/ISE//verilog/src/glbl.v" into library work
Starting static elaboration
WARNING:HDLCompiler:329 - "C:/Users/Franco/Git/arquitectura/tp3/cpu_test.v" Line 49: Target <in_data> of concurrent assignment or output port connection should be a net type.
Completed static elaboration
Compiling module pc
Compiling module ins_deco
Compiling module control
Compiling module signal_extension
Compiling module acc
Compiling module alu
Compiling module datapath
Compiling module cpu
Compiling module cpu_test
Compiling module glbl
Time Resolution for simulation is 1ps.
Waiting for 1 sub-compilation(s) to finish...
Compiled 10 Verilog Units
Built simulation executable C:/Users/Franco/Git/arquitectura/tp3/cpu_test_isim_beh.exe
Fuse Memory Usage: 27804 KB
Fuse CPU Usage: 358 ms
