Release 14.7 - xst P.20131013 (nt64)
Copyright (c) 1995-2013 Xilinx, Inc.  All rights reserved.
--> Parameter TMPDIR set to xst/projnav.tmp


Total REAL time to Xst completion: 0.00 secs
Total CPU time to Xst completion: 0.57 secs
 
--> Parameter xsthdpdir set to xst


Total REAL time to Xst completion: 0.00 secs
Total CPU time to Xst completion: 0.57 secs
 
--> Reading design: program_memory.prj

TABLE OF CONTENTS
  1) Synthesis Options Summary
  2) HDL Compilation
  3) Design Hierarchy Analysis
  4) HDL Analysis
  5) HDL Synthesis
     5.1) HDL Synthesis Report
  6) Advanced HDL Synthesis
     6.1) Advanced HDL Synthesis Report
  7) Low Level Synthesis
  8) Partition Report
  9) Final Report
	9.1) Device utilization summary
	9.2) Partition Resource Summary
	9.3) TIMING REPORT


=========================================================================
*                      Synthesis Options Summary                        *
=========================================================================
---- Source Parameters
Input File Name                    : "program_memory.prj"
Input Format                       : mixed
Ignore Synthesis Constraint File   : NO

---- Target Parameters
Output File Name                   : "program_memory"
Output Format                      : NGC
Target Device                      : xc3s100e-5-cp132

---- Source Options
Top Module Name                    : program_memory
Automatic FSM Extraction           : YES
FSM Encoding Algorithm             : Auto
Safe Implementation                : No
FSM Style                          : LUT
RAM Extraction                     : Yes
RAM Style                          : Auto
ROM Extraction                     : Yes
Mux Style                          : Auto
Decoder Extraction                 : YES
Priority Encoder Extraction        : Yes
Shift Register Extraction          : YES
Logical Shifter Extraction         : YES
XOR Collapsing                     : YES
ROM Style                          : Auto
Mux Extraction                     : Yes
Resource Sharing                   : YES
Asynchronous To Synchronous        : NO
Multiplier Style                   : Auto
Automatic Register Balancing       : No

---- Target Options
Add IO Buffers                     : YES
Global Maximum Fanout              : 100000
Add Generic Clock Buffer(BUFG)     : 24
Register Duplication               : YES
Slice Packing                      : YES
Optimize Instantiated Primitives   : NO
Use Clock Enable                   : Yes
Use Synchronous Set                : Yes
Use Synchronous Reset              : Yes
Pack IO Registers into IOBs        : Auto
Equivalent register Removal        : YES

---- General Options
Optimization Goal                  : Speed
Optimization Effort                : 1
Keep Hierarchy                     : No
Netlist Hierarchy                  : As_Optimized
RTL Output                         : Yes
Global Optimization                : AllClockNets
Read Cores                         : YES
Write Timing Constraints           : NO
Cross Clock Analysis               : NO
Hierarchy Separator                : /
Bus Delimiter                      : <>
Case Specifier                     : Maintain
Slice Utilization Ratio            : 100
BRAM Utilization Ratio             : 100
Verilog 2001                       : YES
Auto BRAM Packing                  : NO
Slice Utilization Ratio Delta      : 5

=========================================================================


=========================================================================
*                          HDL Compilation                              *
=========================================================================
Compiling verilog file "program_memory.v" in library work
Module <program_memory> compiled
No errors in compilation
Analysis of file <"program_memory.prj"> succeeded.
 

=========================================================================
*                     Design Hierarchy Analysis                         *
=========================================================================
Analyzing hierarchy for module <program_memory> in library <work> with parameters.
	RAM_ADDR_BITS = "00000000000000000000000000001011"
	RAM_WIDTH = "00000000000000000000000000010000"


=========================================================================
*                            HDL Analysis                               *
=========================================================================
Analyzing top module <program_memory>.
	RAM_ADDR_BITS = 32'sb00000000000000000000000000001011
	RAM_WIDTH = 32'sb00000000000000000000000000010000
INFO:Xst:1433 - Contents of array <ram_vec> may be accessed with an index that exceeds the array size. This could cause simulation mismatch.
INFO:Xst:1433 - Contents of array <ram_vec> may be accessed with an index that exceeds the array size. This could cause simulation mismatch.
Module <program_memory> is correct for synthesis.
 

=========================================================================
*                           HDL Synthesis                               *
=========================================================================

Performing bidirectional port resolution...

Synthesizing Unit <program_memory>.
    Related source file is "program_memory.v".
WARNING:Xst:647 - Input <addr<10:3>> is never used. This port will be preserved and left unconnected if it belongs to a top-level block or it belongs to a sub-block and the hierarchy of this sub-block is preserved.
WARNING:Xst:653 - Signal <write> is used but never assigned. This sourceless signal will be automatically connected to value 0.
    Found 8x16-bit single-port RAM <Mram_ram_vec> for signal <ram_vec>.
    Found 16-bit register for signal <out_data>.
    Summary:
	inferred   1 RAM(s).
	inferred  16 D-type flip-flop(s).
Unit <program_memory> synthesized.


=========================================================================
HDL Synthesis Report

Macro Statistics
# RAMs                                                 : 1
 8x16-bit single-port RAM                              : 1
# Registers                                            : 1
 16-bit register                                       : 1

=========================================================================

=========================================================================
*                       Advanced HDL Synthesis                          *
=========================================================================


Synthesizing (advanced) Unit <program_memory>.
INFO:Xst:3231 - The small RAM <Mram_ram_vec> will be implemented on LUTs in order to maximize performance and save block RAM resources. If you want to force its implementation on block, use option/constraint ram_style.
    -----------------------------------------------------------------------
    | ram_type           | Distributed                         |          |
    -----------------------------------------------------------------------
    | Port A                                                              |
    |     aspect ratio   | 8-word x 16-bit                     |          |
    |     clkA           | connected to signal <clk>           | fall     |
    |     weA            | connected to signal <GND>           | high     |
    |     addrA          | connected to signal <addr>          |          |
    |     diA            | connected to signal <GND>           |          |
    |     doA            | connected to internal node          |          |
    -----------------------------------------------------------------------
Unit <program_memory> synthesized (advanced).

=========================================================================
Advanced HDL Synthesis Report

Macro Statistics
# RAMs                                                 : 1
 8x16-bit single-port distributed RAM                  : 1
# Registers                                            : 16
 Flip-Flops                                            : 16

=========================================================================

=========================================================================
*                         Low Level Synthesis                           *
=========================================================================

Optimizing unit <program_memory> ...

Mapping all equations...
Building and optimizing final netlist ...
INFO:Xst:2399 - RAMs <Mram_ram_vec3>, <Mram_ram_vec5> are equivalent, second RAM is removed
INFO:Xst:2399 - RAMs <Mram_ram_vec3>, <Mram_ram_vec6> are equivalent, second RAM is removed
INFO:Xst:2399 - RAMs <Mram_ram_vec3>, <Mram_ram_vec7> are equivalent, second RAM is removed
INFO:Xst:2399 - RAMs <Mram_ram_vec3>, <Mram_ram_vec8> are equivalent, second RAM is removed
INFO:Xst:2399 - RAMs <Mram_ram_vec3>, <Mram_ram_vec9> are equivalent, second RAM is removed
INFO:Xst:2399 - RAMs <Mram_ram_vec3>, <Mram_ram_vec10> are equivalent, second RAM is removed
INFO:Xst:2399 - RAMs <Mram_ram_vec3>, <Mram_ram_vec11> are equivalent, second RAM is removed
INFO:Xst:2399 - RAMs <Mram_ram_vec3>, <Mram_ram_vec15> are equivalent, second RAM is removed
INFO:Xst:2399 - RAMs <Mram_ram_vec3>, <Mram_ram_vec16> are equivalent, second RAM is removed
Found area constraint ratio of 100 (+ 5) on block program_memory, actual ratio is 0.
INFO:Xst:2260 - The FF/Latch <out_data_2> in Unit <program_memory> is equivalent to the following 9 FFs/Latches : <out_data_4> <out_data_5> <out_data_6> <out_data_7> <out_data_8> <out_data_9> <out_data_10> <out_data_14> <out_data_15> 

Final Macro Processing ...

=========================================================================
Final Register Report

Macro Statistics
# Registers                                            : 16
 Flip-Flops                                            : 16

=========================================================================

=========================================================================
*                           Partition Report                            *
=========================================================================

Partition Implementation Status
-------------------------------

  No Partitions were found in this design.

-------------------------------

=========================================================================
*                            Final Report                               *
=========================================================================
Final Results
RTL Top Level Output File Name     : program_memory.ngr
Top Level Output File Name         : program_memory
Output Format                      : NGC
Optimization Goal                  : Speed
Keep Hierarchy                     : No

Design Statistics
# IOs                              : 28

Cell Usage :
# BELS                             : 3
#      GND                         : 1
#      INV                         : 1
#      VCC                         : 1
# FlipFlops/Latches                : 16
#      FDE_1                       : 16
# RAMS                             : 7
#      RAM16X1S                    : 7
# Clock Buffers                    : 1
#      BUFGP                       : 1
# IO Buffers                       : 19
#      IBUF                        : 3
#      OBUF                        : 16
=========================================================================

Device utilization summary:
---------------------------

Selected Device : 3s100ecp132-5 

 Number of Slices:                        9  out of    960     0%  
 Number of Slice Flip Flops:             16  out of   1920     0%  
 Number of 4 input LUTs:                  8  out of   1920     0%  
    Number used as logic:                 1
    Number used as RAMs:                  7
 Number of IOs:                          28
 Number of bonded IOBs:                  20  out of     83    24%  
 Number of GCLKs:                         1  out of     24     4%  

---------------------------
Partition Resource Summary:
---------------------------

  No Partitions were found in this design.

---------------------------


=========================================================================
TIMING REPORT

NOTE: THESE TIMING NUMBERS ARE ONLY A SYNTHESIS ESTIMATE.
      FOR ACCURATE TIMING INFORMATION PLEASE REFER TO THE TRACE REPORT
      GENERATED AFTER PLACE-and-ROUTE.

Clock Information:
------------------
-----------------------------------+------------------------+-------+
Clock Signal                       | Clock buffer(FF name)  | Load  |
-----------------------------------+------------------------+-------+
clk                                | BUFGP                  | 23    |
-----------------------------------+------------------------+-------+

Asynchronous Control Signals Information:
----------------------------------------
No asynchronous control signals found in this design

Timing Summary:
---------------
Speed Grade: -5

   Minimum period: 2.672ns (Maximum Frequency: 374.294MHz)
   Minimum input arrival time before clock: 4.039ns
   Maximum output required time after clock: 4.040ns
   Maximum combinational path delay: No path found

Timing Detail:
--------------
All values displayed in nanoseconds (ns)

=========================================================================
Timing constraint: Default period analysis for Clock 'clk'
  Clock period: 2.672ns (frequency: 374.294MHz)
  Total number of paths / destination ports: 16 / 16
-------------------------------------------------------------------------
Delay:               2.672ns (Levels of Logic = 0)
  Source:            Mram_ram_vec3 (RAM)
  Destination:       out_data_2 (FF)
  Source Clock:      clk falling
  Destination Clock: clk falling

  Data Path: Mram_ram_vec3 to out_data_2
                                Gate     Net
    Cell:in->out      fanout   Delay   Delay  Logical Name (Net Name)
    ----------------------------------------  ------------
     RAM16X1S:WCLK->O     10   1.654   0.750  Mram_ram_vec3 (_varindex0000<2>)
     FDE_1:D                   0.268          out_data_2
    ----------------------------------------
    Total                      2.672ns (1.922ns logic, 0.750ns route)
                                       (71.9% logic, 28.1% route)

=========================================================================
Timing constraint: Default OFFSET IN BEFORE for Clock 'clk'
  Total number of paths / destination ports: 69 / 37
-------------------------------------------------------------------------
Offset:              4.039ns (Levels of Logic = 2)
  Source:            addr<0> (PAD)
  Destination:       out_data_2 (FF)
  Destination Clock: clk falling

  Data Path: addr<0> to out_data_2
                                Gate     Net
    Cell:in->out      fanout   Delay   Delay  Logical Name (Net Name)
    ----------------------------------------  ------------
     IBUF:I->O            14   1.106   0.850  addr_0_IBUF (addr_0_IBUF)
     RAM16X1S:A0->O       10   1.065   0.750  Mram_ram_vec3 (_varindex0000<2>)
     FDE_1:D                   0.268          out_data_2
    ----------------------------------------
    Total                      4.039ns (2.439ns logic, 1.600ns route)
                                       (60.4% logic, 39.6% route)

=========================================================================
Timing constraint: Default OFFSET OUT AFTER for Clock 'clk'
  Total number of paths / destination ports: 16 / 16
-------------------------------------------------------------------------
Offset:              4.040ns (Levels of Logic = 1)
  Source:            out_data_15 (FF)
  Destination:       out_data<15> (PAD)
  Source Clock:      clk falling

  Data Path: out_data_15 to out_data<15>
                                Gate     Net
    Cell:in->out      fanout   Delay   Delay  Logical Name (Net Name)
    ----------------------------------------  ------------
     FDE_1:C->Q            1   0.514   0.357  out_data_15 (out_data_15)
     OBUF:I->O                 3.169          out_data_15_OBUF (out_data<15>)
    ----------------------------------------
    Total                      4.040ns (3.683ns logic, 0.357ns route)
                                       (91.2% logic, 8.8% route)

=========================================================================


Total REAL time to Xst completion: 5.00 secs
Total CPU time to Xst completion: 5.54 secs
 
--> 

Total memory usage is 340276 kilobytes

Number of errors   :    0 (   0 filtered)
Number of warnings :    2 (   0 filtered)
Number of infos    :   13 (   0 filtered)

