Command line:
   bip_isim_beh.exe
     -simmode  gui
     -simrunnum  0
     -socket  20713

Tue Dec 12 01:42:07 2017


 Elaboration Time: 0.03125 sec

 Current Memory Usage: 877.519 Meg

 Total Signals          : 86
 Total Nets             : 208
 Total Signal Drivers   : 29
 Total Blocks           : 12
 Total Primitive Blocks : 8
 Total Processes        : 39
 Total Traceable Variables  : 42
 Total Scalar Nets and Variables : 66195
Total Line Count : 139

 Total Simulation Time: 0.046875 sec

 Current Memory Usage: 877.519 Meg

Tue Dec 12 01:42:12 2017

