Command line:
   top_module_isim_beh.exe
     -simmode  gui
     -simrunnum  0
     -socket  9072

Wed Oct 04 14:36:16 2017


 Elaboration Time: 0.03125 sec

 Current Memory Usage: 846.524 Meg

 Total Signals          : 87
 Total Nets             : 109
 Total Signal Drivers   : 28
 Total Blocks           : 10
 Total Primitive Blocks : 8
 Total Processes        : 43
 Total Traceable Variables  : 108
 Total Scalar Nets and Variables : 1170
Total Line Count : 265

 Total Simulation Time: 0.046875 sec

 Current Memory Usage: 846.524 Meg

Wed Oct 04 14:36:30 2017

