Command line:
   datapath_isim_beh.exe
     -simmode  gui
     -simrunnum  0
     -socket  20360

Tue Dec 12 00:13:24 2017


 Elaboration Time: 0.03125 sec

 Current Memory Usage: 877.523 Meg

 Total Signals          : 36
 Total Nets             : 170
 Total Signal Drivers   : 14
 Total Blocks           : 5
 Total Primitive Blocks : 4
 Total Processes        : 19
 Total Traceable Variables  : 22
 Total Scalar Nets and Variables : 314
Total Line Count : 42

 Total Simulation Time: 0.03125 sec

 Current Memory Usage: 877.523 Meg

Tue Dec 12 00:13:28 2017

