Command line:
   data_memory_isim_beh.exe
     -simmode  gui
     -simrunnum  1
     -socket  57827

Sun Dec 10 19:59:50 2017


 Elaboration Time: 0.09375 sec

 Current Memory Usage: 1691.16 Meg

 Total Signals          : 18
 Total Nets             : 58
 Total Signal Drivers   : 6
 Total Blocks           : 2
 Total Primitive Blocks : 2
 Total Processes        : 8
 Total Traceable Variables  : 22
 Total Scalar Nets and Variables : 32981
Total Line Count : 20

 Total Simulation Time: 0.09375 sec

 Current Memory Usage: 1691.12 Meg

Sun Dec 10 20:00:38 2017

