Command line:
   interfaz_isim_beh.exe
     -simmode  gui
     -simrunnum  0
     -socket  9077

Wed Oct 04 14:39:42 2017


 Elaboration Time: 0.03125 sec

 Current Memory Usage: 846.033 Meg

 Total Signals          : 19
 Total Nets             : 67
 Total Signal Drivers   : 11
 Total Blocks           : 2
 Total Primitive Blocks : 2
 Total Processes        : 14
 Total Traceable Variables  : 35
 Total Scalar Nets and Variables : 256
Total Line Count : 55

 Total Simulation Time: 0.0625 sec

 Current Memory Usage: 846.033 Meg

Wed Oct 04 14:39:48 2017

